mode: set
_/www/GoProjects/google_learngo/nonrepeating/nonrepeating.go:9.47,12.30 1 1
_/www/GoProjects/google_learngo/nonrepeating/nonrepeating.go:16.2,19.31 3 1
_/www/GoProjects/google_learngo/nonrepeating/nonrepeating.go:34.2,34.18 1 1
_/www/GoProjects/google_learngo/nonrepeating/nonrepeating.go:12.30,14.3 1 1
_/www/GoProjects/google_learngo/nonrepeating/nonrepeating.go:19.31,23.47 1 1
_/www/GoProjects/google_learngo/nonrepeating/nonrepeating.go:27.3,27.32 1 1
_/www/GoProjects/google_learngo/nonrepeating/nonrepeating.go:31.3,31.27 1 1
_/www/GoProjects/google_learngo/nonrepeating/nonrepeating.go:23.47,26.4 1 1
_/www/GoProjects/google_learngo/nonrepeating/nonrepeating.go:27.32,29.4 1 1
_/www/GoProjects/google_learngo/nonrepeating/nonrepeating.go:37.13,49.2 9 0
